This file contains any messages produced by compilers while
running configure, to aid debugging if configure makes a mistake.

It was created by js9 configure 3.5, which was
generated by GNU Autoconf 2.69.  Invocation command line was

  $ ./configure --with-webdir=. --with-helper=nodejs

## --------- ##
## Platform. ##
## --------- ##

hostname = cercocarpus.local
uname -m = arm64
uname -r = 20.2.0
uname -s = Darwin
uname -v = Darwin Kernel Version 20.2.0: Wed Dec  2 20:40:21 PST 2020; root:xnu-7195.60.75~1/RELEASE_ARM64_T8101

/usr/bin/uname -p = arm
/bin/uname -X     = unknown

/bin/arch              = unknown
/usr/bin/arch -k       = unknown
/usr/convex/getsysinfo = unknown
/usr/bin/hostinfo      = Mach kernel version:
	 Darwin Kernel Version 20.2.0: Wed Dec  2 20:40:21 PST 2020; root:xnu-7195.60.75~1/RELEASE_ARM64_T8101
Kernel configured for up to 8 processors.
8 processors are physically available.
8 processors are logically available.
Processor type: arm64e (ARM64E)
Processors active: 0 1 2 3 4 5 6 7
Primary memory available: 16.00 gigabytes
Default processor set: 584 tasks, 3392 threads, 8 processors
Load average: 3.36, Mach factor: 4.62
/bin/machine           = unknown
/usr/bin/oslevel       = unknown
/bin/universe          = unknown

PATH: /Users/zach/opt/anaconda3/envs/puffin/bin
PATH: /Users/zach/opt/anaconda3/condabin
PATH: /usr/local/bin
PATH: /usr/bin
PATH: /bin
PATH: /usr/sbin
PATH: /sbin
PATH: /Library/TeX/texbin


## ----------- ##
## Core tests. ##
## ----------- ##

configure:2317: checking for web install directory
configure:2329: result: yes (.)
configure:2337: checking for server-side helper type
configure:2350: result: yes (nodejs)
configure:2400: checking build system type
configure:2414: result: arm-apple-darwin20.2.0
configure:2434: checking host system type
configure:2447: result: arm-apple-darwin20.2.0
configure:2516: checking for gcc
configure:2532: found /usr/bin/gcc
configure:2543: result: gcc
configure:2772: checking for C compiler version
configure:2781: gcc --version >&5
Apple clang version 12.0.0 (clang-1200.0.32.28)
Target: arm64-apple-darwin20.2.0
Thread model: posix
InstalledDir: /Library/Developer/CommandLineTools/usr/bin
Configured with: --prefix=/Library/Developer/CommandLineTools/usr --with-gxx-include-dir=/Library/Developer/CommandLineTools/SDKs/MacOSX.sdk/usr/include/c++/4.2.1
configure:2792: $? = 0
configure:2781: gcc -v >&5
Configured with: --prefix=/Library/Developer/CommandLineTools/usr --with-gxx-include-dir=/Library/Developer/CommandLineTools/SDKs/MacOSX.sdk/usr/include/c++/4.2.1
Apple clang version 12.0.0 (clang-1200.0.32.28)
Target: arm64-apple-darwin20.2.0
Thread model: posix
InstalledDir: /Library/Developer/CommandLineTools/usr/bin
configure:2792: $? = 0
configure:2781: gcc -V >&5
clang: error: argument to '-V' is missing (expected 1 value)
clang: error: no input files
configure:2792: $? = 1
configure:2781: gcc -qversion >&5
clang: error: unknown argument '-qversion'; did you mean '--version'?
clang: error: no input files
configure:2792: $? = 1
configure:2812: checking whether the C compiler works
configure:2834: gcc    conftest.c  >&5
configure:2838: $? = 0
configure:2886: result: yes
configure:2889: checking for C compiler default output file name
configure:2891: result: a.out
configure:2897: checking for suffix of executables
configure:2904: gcc -o conftest    conftest.c  >&5
configure:2908: $? = 0
configure:2930: result: 
configure:2952: checking whether we are cross compiling
configure:2960: gcc -o conftest    conftest.c  >&5
configure:2964: $? = 0
configure:2971: ./conftest
configure:2975: $? = 0
configure:2990: result: no
configure:2995: checking for suffix of object files
configure:3017: gcc -c   conftest.c >&5
configure:3021: $? = 0
configure:3042: result: o
configure:3046: checking whether we are using the GNU C compiler
configure:3065: gcc -c   conftest.c >&5
configure:3065: $? = 0
configure:3074: result: yes
configure:3083: checking whether gcc accepts -g
configure:3103: gcc -c -g  conftest.c >&5
configure:3103: $? = 0
configure:3144: result: yes
configure:3161: checking for gcc option to accept ISO C89
configure:3224: gcc  -c -g -O2  conftest.c >&5
configure:3224: $? = 0
configure:3237: result: none needed
configure:3257: checking C compiler flags
configure:3264: result: OK
configure:3326: checking for ranlib
configure:3342: found /usr/bin/ranlib
configure:3353: result: ranlib
configure:3382: checking how to run the C preprocessor
configure:3413: gcc -E  conftest.c
configure:3413: $? = 0
configure:3427: gcc -E  conftest.c
conftest.c:9:10: fatal error: 'ac_nonexistent.h' file not found
#include <ac_nonexistent.h>
         ^~~~~~~~~~~~~~~~~~
1 error generated.
configure:3427: $? = 1
configure: failed program was:
| /* confdefs.h */
| #define PACKAGE_NAME "js9"
| #define PACKAGE_TARNAME "js9"
| #define PACKAGE_VERSION "3.5"
| #define PACKAGE_STRING "js9 3.5"
| #define PACKAGE_BUGREPORT "emandel@cfa.harvard.edu"
| #define PACKAGE_URL ""
| /* end confdefs.h.  */
| #include <ac_nonexistent.h>
configure:3452: result: gcc -E
configure:3472: gcc -E  conftest.c
configure:3472: $? = 0
configure:3486: gcc -E  conftest.c
conftest.c:9:10: fatal error: 'ac_nonexistent.h' file not found
#include <ac_nonexistent.h>
         ^~~~~~~~~~~~~~~~~~
1 error generated.
configure:3486: $? = 1
configure: failed program was:
| /* confdefs.h */
| #define PACKAGE_NAME "js9"
| #define PACKAGE_TARNAME "js9"
| #define PACKAGE_VERSION "3.5"
| #define PACKAGE_STRING "js9 3.5"
| #define PACKAGE_BUGREPORT "emandel@cfa.harvard.edu"
| #define PACKAGE_URL ""
| /* end confdefs.h.  */
| #include <ac_nonexistent.h>
configure:3515: checking for grep that handles long lines and -e
configure:3573: result: /usr/bin/grep
configure:3578: checking for egrep
configure:3640: result: /usr/bin/grep -E
configure:3645: checking for ANSI C header files
configure:3665: gcc -c -g -O2  conftest.c >&5
configure:3665: $? = 0
configure:3738: gcc -o conftest -g -O2   conftest.c  >&5
configure:3738: $? = 0
configure:3738: ./conftest
configure:3738: $? = 0
configure:3749: result: yes
configure:3762: checking for sys/types.h
configure:3762: gcc -c -g -O2  conftest.c >&5
configure:3762: $? = 0
configure:3762: result: yes
configure:3762: checking for sys/stat.h
configure:3762: gcc -c -g -O2  conftest.c >&5
configure:3762: $? = 0
configure:3762: result: yes
configure:3762: checking for stdlib.h
configure:3762: gcc -c -g -O2  conftest.c >&5
configure:3762: $? = 0
configure:3762: result: yes
configure:3762: checking for string.h
configure:3762: gcc -c -g -O2  conftest.c >&5
configure:3762: $? = 0
configure:3762: result: yes
configure:3762: checking for memory.h
configure:3762: gcc -c -g -O2  conftest.c >&5
configure:3762: $? = 0
configure:3762: result: yes
configure:3762: checking for strings.h
configure:3762: gcc -c -g -O2  conftest.c >&5
configure:3762: $? = 0
configure:3762: result: yes
configure:3762: checking for inttypes.h
configure:3762: gcc -c -g -O2  conftest.c >&5
configure:3762: $? = 0
configure:3762: result: yes
configure:3762: checking for stdint.h
configure:3762: gcc -c -g -O2  conftest.c >&5
configure:3762: $? = 0
configure:3762: result: yes
configure:3762: checking for unistd.h
configure:3762: gcc -c -g -O2  conftest.c >&5
configure:3762: $? = 0
configure:3762: result: yes
configure:3778: checking size of void *
configure:3783: gcc -o conftest -g -O2   conftest.c  >&5
configure:3783: $? = 0
configure:3783: ./conftest
configure:3783: $? = 0
configure:3797: result: 8
configure:3811: checking for ANSI C header files
configure:3915: result: yes
configure:3925: checking malloc.h usability
configure:3925: gcc -c -g -O2  conftest.c >&5
conftest.c:54:10: fatal error: 'malloc.h' file not found
#include <malloc.h>
         ^~~~~~~~~~
1 error generated.
configure:3925: $? = 1
configure: failed program was:
| /* confdefs.h */
| #define PACKAGE_NAME "js9"
| #define PACKAGE_TARNAME "js9"
| #define PACKAGE_VERSION "3.5"
| #define PACKAGE_STRING "js9 3.5"
| #define PACKAGE_BUGREPORT "emandel@cfa.harvard.edu"
| #define PACKAGE_URL ""
| #define STDC_HEADERS 1
| #define HAVE_SYS_TYPES_H 1
| #define HAVE_SYS_STAT_H 1
| #define HAVE_STDLIB_H 1
| #define HAVE_STRING_H 1
| #define HAVE_MEMORY_H 1
| #define HAVE_STRINGS_H 1
| #define HAVE_INTTYPES_H 1
| #define HAVE_STDINT_H 1
| #define HAVE_UNISTD_H 1
| #define SIZEOF_VOID_P 8
| #define STDC_HEADERS 1
| /* end confdefs.h.  */
| #include <stdio.h>
| #ifdef HAVE_SYS_TYPES_H
| # include <sys/types.h>
| #endif
| #ifdef HAVE_SYS_STAT_H
| # include <sys/stat.h>
| #endif
| #ifdef STDC_HEADERS
| # include <stdlib.h>
| # include <stddef.h>
| #else
| # ifdef HAVE_STDLIB_H
| #  include <stdlib.h>
| # endif
| #endif
| #ifdef HAVE_STRING_H
| # if !defined STDC_HEADERS && defined HAVE_MEMORY_H
| #  include <memory.h>
| # endif
| # include <string.h>
| #endif
| #ifdef HAVE_STRINGS_H
| # include <strings.h>
| #endif
| #ifdef HAVE_INTTYPES_H
| # include <inttypes.h>
| #endif
| #ifdef HAVE_STDINT_H
| # include <stdint.h>
| #endif
| #ifdef HAVE_UNISTD_H
| # include <unistd.h>
| #endif
| #include <malloc.h>
configure:3925: result: no
configure:3925: checking malloc.h presence
configure:3925: gcc -E  conftest.c
conftest.c:21:10: fatal error: 'malloc.h' file not found
#include <malloc.h>
         ^~~~~~~~~~
1 error generated.
configure:3925: $? = 1
configure: failed program was:
| /* confdefs.h */
| #define PACKAGE_NAME "js9"
| #define PACKAGE_TARNAME "js9"
| #define PACKAGE_VERSION "3.5"
| #define PACKAGE_STRING "js9 3.5"
| #define PACKAGE_BUGREPORT "emandel@cfa.harvard.edu"
| #define PACKAGE_URL ""
| #define STDC_HEADERS 1
| #define HAVE_SYS_TYPES_H 1
| #define HAVE_SYS_STAT_H 1
| #define HAVE_STDLIB_H 1
| #define HAVE_STRING_H 1
| #define HAVE_MEMORY_H 1
| #define HAVE_STRINGS_H 1
| #define HAVE_INTTYPES_H 1
| #define HAVE_STDINT_H 1
| #define HAVE_UNISTD_H 1
| #define SIZEOF_VOID_P 8
| #define STDC_HEADERS 1
| /* end confdefs.h.  */
| #include <malloc.h>
configure:3925: result: no
configure:3925: checking for malloc.h
configure:3925: result: no
configure:3937: checking getopt.h usability
configure:3937: gcc -c -g -O2  conftest.c >&5
configure:3937: $? = 0
configure:3937: result: yes
configure:3937: checking getopt.h presence
configure:3937: gcc -E  conftest.c
configure:3937: $? = 0
configure:3937: result: yes
configure:3937: checking for getopt.h
configure:3937: result: yes
configure:3949: checking pwd.h usability
configure:3949: gcc -c -g -O2  conftest.c >&5
configure:3949: $? = 0
configure:3949: result: yes
configure:3949: checking pwd.h presence
configure:3949: gcc -E  conftest.c
configure:3949: $? = 0
configure:3949: result: yes
configure:3949: checking for pwd.h
configure:3949: result: yes
configure:3961: checking dlfcn.h usability
configure:3961: gcc -c -g -O2  conftest.c >&5
configure:3961: $? = 0
configure:3961: result: yes
configure:3961: checking dlfcn.h presence
configure:3961: gcc -E  conftest.c
configure:3961: $? = 0
configure:3961: result: yes
configure:3961: checking for dlfcn.h
configure:3961: result: yes
configure:3973: checking setjmp.h usability
configure:3973: gcc -c -g -O2  conftest.c >&5
configure:3973: $? = 0
configure:3973: result: yes
configure:3973: checking setjmp.h presence
configure:3973: gcc -E  conftest.c
configure:3973: $? = 0
configure:3973: result: yes
configure:3973: checking for setjmp.h
configure:3973: result: yes
configure:3985: checking values.h usability
configure:3985: gcc -c -g -O2  conftest.c >&5
conftest.c:58:10: fatal error: 'values.h' file not found
#include <values.h>
         ^~~~~~~~~~
1 error generated.
configure:3985: $? = 1
configure: failed program was:
| /* confdefs.h */
| #define PACKAGE_NAME "js9"
| #define PACKAGE_TARNAME "js9"
| #define PACKAGE_VERSION "3.5"
| #define PACKAGE_STRING "js9 3.5"
| #define PACKAGE_BUGREPORT "emandel@cfa.harvard.edu"
| #define PACKAGE_URL ""
| #define STDC_HEADERS 1
| #define HAVE_SYS_TYPES_H 1
| #define HAVE_SYS_STAT_H 1
| #define HAVE_STDLIB_H 1
| #define HAVE_STRING_H 1
| #define HAVE_MEMORY_H 1
| #define HAVE_STRINGS_H 1
| #define HAVE_INTTYPES_H 1
| #define HAVE_STDINT_H 1
| #define HAVE_UNISTD_H 1
| #define SIZEOF_VOID_P 8
| #define STDC_HEADERS 1
| #define HAVE_GETOPT_H 1
| #define HAVE_PWD_H 1
| #define HAVE_DLFCN_H 1
| #define HAVE_SETJMP_H 1
| /* end confdefs.h.  */
| #include <stdio.h>
| #ifdef HAVE_SYS_TYPES_H
| # include <sys/types.h>
| #endif
| #ifdef HAVE_SYS_STAT_H
| # include <sys/stat.h>
| #endif
| #ifdef STDC_HEADERS
| # include <stdlib.h>
| # include <stddef.h>
| #else
| # ifdef HAVE_STDLIB_H
| #  include <stdlib.h>
| # endif
| #endif
| #ifdef HAVE_STRING_H
| # if !defined STDC_HEADERS && defined HAVE_MEMORY_H
| #  include <memory.h>
| # endif
| # include <string.h>
| #endif
| #ifdef HAVE_STRINGS_H
| # include <strings.h>
| #endif
| #ifdef HAVE_INTTYPES_H
| # include <inttypes.h>
| #endif
| #ifdef HAVE_STDINT_H
| # include <stdint.h>
| #endif
| #ifdef HAVE_UNISTD_H
| # include <unistd.h>
| #endif
| #include <values.h>
configure:3985: result: no
configure:3985: checking values.h presence
configure:3985: gcc -E  conftest.c
conftest.c:25:10: fatal error: 'values.h' file not found
#include <values.h>
         ^~~~~~~~~~
1 error generated.
configure:3985: $? = 1
configure: failed program was:
| /* confdefs.h */
| #define PACKAGE_NAME "js9"
| #define PACKAGE_TARNAME "js9"
| #define PACKAGE_VERSION "3.5"
| #define PACKAGE_STRING "js9 3.5"
| #define PACKAGE_BUGREPORT "emandel@cfa.harvard.edu"
| #define PACKAGE_URL ""
| #define STDC_HEADERS 1
| #define HAVE_SYS_TYPES_H 1
| #define HAVE_SYS_STAT_H 1
| #define HAVE_STDLIB_H 1
| #define HAVE_STRING_H 1
| #define HAVE_MEMORY_H 1
| #define HAVE_STRINGS_H 1
| #define HAVE_INTTYPES_H 1
| #define HAVE_STDINT_H 1
| #define HAVE_UNISTD_H 1
| #define SIZEOF_VOID_P 8
| #define STDC_HEADERS 1
| #define HAVE_GETOPT_H 1
| #define HAVE_PWD_H 1
| #define HAVE_DLFCN_H 1
| #define HAVE_SETJMP_H 1
| /* end confdefs.h.  */
| #include <values.h>
configure:3985: result: no
configure:3985: checking for values.h
configure:3985: result: no
configure:3996: checking for cgi install directory
configure:4018: result: no
configure:4023: checking for cgi url
configure:4038: result: no
configure:4043: checking for extra directories for cgi path
configure:4058: result: no
configure:4065: checking for funtools
configure:4104: result: no
configure:4120: checking for cfitsio
configure:4203: result: no
configure:4314: result: no funtools or cfitsio: back-end programs will not be built
configure:4319: checking for connect
configure:4319: gcc -o conftest -g -O2   conftest.c  >&5
configure:4319: $? = 0
configure:4319: result: yes
configure:4366: checking for gethostbyname
configure:4366: gcc -o conftest -g -O2   conftest.c  >&5
configure:4366: $? = 0
configure:4366: result: yes
configure:4413: checking for dlopen in -ldl
configure:4438: gcc -o conftest -g -O2   conftest.c -ldl   >&5
configure:4438: $? = 0
configure:4447: result: yes
configure:4454: checking darwin20.2.0 configuration
configure:4482: result: none
configure:4492: checking for sao top-level install directory
configure:4508: result: no
configure:4671: creating ./config.status

## ---------------------- ##
## Running config.status. ##
## ---------------------- ##

This file was extended by js9 config.status 3.5, which was
generated by GNU Autoconf 2.69.  Invocation command line was

  CONFIG_FILES    = 
  CONFIG_HEADERS  = 
  CONFIG_LINKS    = 
  CONFIG_COMMANDS = 
  $ ./config.status 

on cercocarpus.local

config.status:749: creating Makefile
config.status:749: creating src/Makefile
config.status:749: creating src/js9helper.pc

## ---------------- ##
## Cache variables. ##
## ---------------- ##

ac_cv_build=arm-apple-darwin20.2.0
ac_cv_c_compiler_gnu=yes
ac_cv_env_CC_set=
ac_cv_env_CC_value=
ac_cv_env_CFLAGS_set=
ac_cv_env_CFLAGS_value=
ac_cv_env_CPPFLAGS_set=
ac_cv_env_CPPFLAGS_value=
ac_cv_env_CPP_set=
ac_cv_env_CPP_value=
ac_cv_env_LDFLAGS_set=
ac_cv_env_LDFLAGS_value=
ac_cv_env_LIBS_set=
ac_cv_env_LIBS_value=
ac_cv_env_build_alias_set=
ac_cv_env_build_alias_value=
ac_cv_env_host_alias_set=
ac_cv_env_host_alias_value=
ac_cv_env_target_alias_set=
ac_cv_env_target_alias_value=
ac_cv_func_connect=yes
ac_cv_func_gethostbyname=yes
ac_cv_header_dlfcn_h=yes
ac_cv_header_getopt_h=yes
ac_cv_header_inttypes_h=yes
ac_cv_header_malloc_h=no
ac_cv_header_memory_h=yes
ac_cv_header_pwd_h=yes
ac_cv_header_setjmp_h=yes
ac_cv_header_stdc=yes
ac_cv_header_stdint_h=yes
ac_cv_header_stdlib_h=yes
ac_cv_header_string_h=yes
ac_cv_header_strings_h=yes
ac_cv_header_sys_stat_h=yes
ac_cv_header_sys_types_h=yes
ac_cv_header_unistd_h=yes
ac_cv_header_values_h=no
ac_cv_host=arm-apple-darwin20.2.0
ac_cv_lib_dl_dlopen=yes
ac_cv_objext=o
ac_cv_path_EGREP='/usr/bin/grep -E'
ac_cv_path_GREP=/usr/bin/grep
ac_cv_prog_CPP='gcc -E'
ac_cv_prog_ac_ct_CC=gcc
ac_cv_prog_ac_ct_RANLIB=ranlib
ac_cv_prog_cc_c89=
ac_cv_prog_cc_g=yes
ac_cv_sizeof_void_p=8

## ----------------- ##
## Output variables. ##
## ----------------- ##

CC='gcc'
CFITSIOINC=''
CFITSIOLIB=''
CFITSIOOBJS=''
CFLAGS='-g -O2'
CGIDIR=''
CGIURL=''
CGIXPATH=''
CPP='gcc -E'
CPPFLAGS=''
DEFS='-DPACKAGE_NAME=\"js9\" -DPACKAGE_TARNAME=\"js9\" -DPACKAGE_VERSION=\"3.5\" -DPACKAGE_STRING=\"js9\ 3.5\" -DPACKAGE_BUGREPORT=\"emandel@cfa.harvard.edu\" -DPACKAGE_URL=\"\" -DSTDC_HEADERS=1 -DHAVE_SYS_TYPES_H=1 -DHAVE_SYS_STAT_H=1 -DHAVE_STDLIB_H=1 -DHAVE_STRING_H=1 -DHAVE_MEMORY_H=1 -DHAVE_STRINGS_H=1 -DHAVE_INTTYPES_H=1 -DHAVE_STDINT_H=1 -DHAVE_UNISTD_H=1 -DSIZEOF_VOID_P=8 -DSTDC_HEADERS=1 -DHAVE_GETOPT_H=1 -DHAVE_PWD_H=1 -DHAVE_DLFCN_H=1 -DHAVE_SETJMP_H=1'
ECHO_C='\c'
ECHO_N=''
ECHO_T=''
EGREP='/usr/bin/grep -E'
EXEEXT=''
EXTRA_LIBS=' -ldl'
FITSLIB='none'
FUNINC=''
FUNLIB=''
GREP='/usr/bin/grep'
HELPER='nodejs'
LDFLAGS=''
LIBOBJS=''
LIBS=''
LTLIBOBJS=''
OBJEXT='o'
PACKAGE_BUGREPORT='emandel@cfa.harvard.edu'
PACKAGE_NAME='js9'
PACKAGE_STRING='js9 3.5'
PACKAGE_TARNAME='js9'
PACKAGE_URL=''
PACKAGE_VERSION='3.5'
PATH_SEPARATOR=':'
RANLIB='ranlib'
SAODIR=''
SHELL='/bin/sh'
USEHELPER='no'
WEBDIR='.'
ac_ct_CC='gcc'
bindir='${exec_prefix}/bin'
build='arm-apple-darwin20.2.0'
build_alias=''
build_cpu='arm'
build_os='darwin20.2.0'
build_vendor='apple'
datadir='${datarootdir}'
datarootdir='${prefix}/share'
docdir='${datarootdir}/doc/${PACKAGE_TARNAME}'
dvidir='${docdir}'
exec_prefix='${prefix}'
host='arm-apple-darwin20.2.0'
host_alias=''
host_cpu='arm'
host_os='darwin20.2.0'
host_vendor='apple'
htmldir='${docdir}'
includedir='${prefix}/include'
infodir='${datarootdir}/info'
libdir='${exec_prefix}/lib'
libexecdir='${exec_prefix}/libexec'
localedir='${datarootdir}/locale'
localstatedir='${prefix}/var'
mandir='${datarootdir}/man'
oldincludedir='/usr/include'
pdfdir='${docdir}'
prefix='/usr/local'
program_transform_name='s,x,x,'
psdir='${docdir}'
sbindir='${exec_prefix}/sbin'
sharedstatedir='${prefix}/com'
sysconfdir='${prefix}/etc'
target_alias=''

## ----------- ##
## confdefs.h. ##
## ----------- ##

/* confdefs.h */
#define PACKAGE_NAME "js9"
#define PACKAGE_TARNAME "js9"
#define PACKAGE_VERSION "3.5"
#define PACKAGE_STRING "js9 3.5"
#define PACKAGE_BUGREPORT "emandel@cfa.harvard.edu"
#define PACKAGE_URL ""
#define STDC_HEADERS 1
#define HAVE_SYS_TYPES_H 1
#define HAVE_SYS_STAT_H 1
#define HAVE_STDLIB_H 1
#define HAVE_STRING_H 1
#define HAVE_MEMORY_H 1
#define HAVE_STRINGS_H 1
#define HAVE_INTTYPES_H 1
#define HAVE_STDINT_H 1
#define HAVE_UNISTD_H 1
#define SIZEOF_VOID_P 8
#define STDC_HEADERS 1
#define HAVE_GETOPT_H 1
#define HAVE_PWD_H 1
#define HAVE_DLFCN_H 1
#define HAVE_SETJMP_H 1

configure: exit 0
